<?xml version="1.0" encoding="UTF-8"?>
<!-- Generated by org.testng.reporters.JUnitXMLReporter -->
<testsuite hostname="DESKTOP-V52RHCQ" ignored="0" name="Test" tests="1" failures="1" timestamp="2021-03-03T11:45:59 IST" time="127.096" errors="0">
  <testcase name="createStaging" time="125.929" classname="testScripts.AssertStaging">
    <failure type="java.lang.AssertionError" message="expected [AM ICT User] but found [Asset Admin]">
      <![CDATA[java.lang.AssertionError: expected [AM ICT User] but found [Asset Admin]
at testScripts.AssertStaging.createStaging(AssertStaging.java:40)
at java.util.ArrayList.forEach(Unknown Source)
at java.util.concurrent.FutureTask.run(Unknown Source)
at java.util.concurrent.ThreadPoolExecutor.runWorker(Unknown Source)
at java.util.concurrent.ThreadPoolExecutor$Worker.run(Unknown Source)
at java.lang.Thread.run(Unknown Source)
... Removed 24 stack frames]]>
    </failure>
  </testcase> <!-- createStaging -->
</testsuite> <!-- Test -->
